TN:
SF:src\index.ts
FNF:0
FNH:0
DA:1,0
DA:3,0
LF:2
LH:0
BRF:0
BRH:0
end_of_record
TN:
SF:src\main.ts
FN:5,run
FNF:1
FNH:0
FNDA:0,run
DA:1,0
DA:2,0
DA:3,0
DA:5,0
DA:6,0
DA:7,0
DA:8,0
DA:9,0
DA:10,0
DA:12,0
LF:10
LH:0
BRF:0
BRH:0
end_of_record
TN:
SF:src\sendPullRequest.ts
FN:3,send
FNF:1
FNH:0
FNDA:0,send
DA:2,0
DA:3,0
DA:4,0
DA:6,0
DA:10,0
DA:20,0
LF:6
LH:0
BRF:0
BRH:0
end_of_record
TN:
SF:src\builders\buildPRPayload.ts
FN:6,(anonymous_0)
FNF:1
FNH:1
FNDA:1,(anonymous_0)
DA:6,1
DA:7,1
DA:21,1
DA:24,1
LF:4
LH:4
BRF:0
BRH:0
end_of_record
